<?xml version="1.0" encoding="UTF-8"?>
<!-- Generated by org.testng.reporters.JUnitXMLReporter -->
<testsuite ignored="0" hostname="LAPTOP-T5UUI42F" failures="0" tests="3" name="Surefire test" time="76.396" errors="0" timestamp="24 Feb 2022 18:11:04 GMT">
  <testcase classname="com.crm.qa.testcases.ContactsPageTest" name="verifyContactsPagelabel" time="4.097"/>
  <testcase classname="com.crm.qa.testcases.HomePageTest" name="verifyHomePageTitleTest" time="10.017"/>
  <testcase classname="com.crm.qa.testcases.LoginPageTest" name="loginPageTitleTest" time="0.005"/>
</testsuite> <!-- Surefire test -->
