<?xml version="1.0" encoding="UTF-8"?>
<!-- Generated by org.testng.reporters.JUnitXMLReporter -->
<testsuite ignored="0" hostname="LAPTOP-T5UUI42F" failures="0" tests="8" name="Default test" time="405.003" errors="0" timestamp="23 Feb 2022 14:01:41 GMT">
  <testcase classname="com.crm.qa.testcases.ContactsPageTest" name="verifyContactsPagelabel" time="4.077"/>
  <testcase classname="com.crm.qa.testcases.ContactsPageTest" name="verifyContacts" time="1.408"/>
  <testcase classname="com.crm.qa.testcases.ContactsPageTest" name="verifyMultiContacts" time="1.384"/>
  <testcase classname="com.crm.qa.testcases.ContactsPageTest" name="validateCreateNewContact" time="33.483"/>
  <testcase classname="com.crm.qa.testcases.ContactsPageTest" name="validateCreateNewContact" time="33.225"/>
  <testcase classname="com.crm.qa.testcases.ContactsPageTest" name="validateCreateNewContact" time="33.498"/>
  <testcase classname="com.crm.qa.testcases.ContactsPageTest" name="validateCreateNewContact" time="33.224"/>
  <testcase classname="com.crm.qa.testcases.ContactsPageTest" name="validateCreateNewContact" time="33.117"/>
</testsuite> <!-- Default test -->
