<?xml version="1.0" encoding="UTF-8"?>
<testsuite xmlns:xsi="http://www.w3.org/2001/XMLSchema-instance" xsi:noNamespaceSchemaLocation="https://maven.apache.org/surefire/maven-surefire-plugin/xsd/surefire-test-report.xsd" name="TestSuite" time="76.823" tests="3" errors="0" skipped="0" failures="0">
  <properties>
[...]
</properties>
  <testcase name="verifyContactsPagelabel" classname="com.crm.qa.testcases.ContactsPageTest" time="4.097"/>
  <testcase name="verifyHomePageTitleTest" classname="com.crm.qa.testcases.HomePageTest" time="10.017"/>
  <testcase name="loginPageTitleTest" classname="com.crm.qa.testcases.LoginPageTest" time="0.004"/>
</testsuite>