<?xml version="1.0" encoding="UTF-8"?>
<testng-results ignored="0" total="3" passed="3" failed="0" skipped="0">
  <reporter-output>
  </reporter-output>
  <suite started-at="2022-02-24T18:09:48Z" name="Surefire suite" finished-at="2022-02-24T18:11:04Z" duration-ms="76396">
    <groups>
    </groups>
    <test started-at="2022-02-24T18:09:48Z" name="Surefire test" finished-at="2022-02-24T18:11:04Z" duration-ms="76396">
      <class name="com.crm.qa.testcases.HomePageTest">
        <test-method is-config="true" signature="setUp()[pri:0, instance:com.crm.qa.testcases.HomePageTest@436813f3]" started-at="2022-02-24T18:10:23Z" name="setUp" finished-at="2022-02-24T18:10:50Z" duration-ms="27683" status="PASS">
          <reporter-output>
          </reporter-output>
        </test-method> <!-- setUp -->
        <test-method signature="verifyHomePageTitleTest()[pri:1, instance:com.crm.qa.testcases.HomePageTest@436813f3]" started-at="2022-02-24T18:10:50Z" name="verifyHomePageTitleTest" finished-at="2022-02-24T18:11:00Z" duration-ms="10017" status="PASS">
          <reporter-output>
          </reporter-output>
        </test-method> <!-- verifyHomePageTitleTest -->
        <test-method is-config="true" signature="tearDown()[pri:0, instance:com.crm.qa.testcases.HomePageTest@436813f3]" started-at="2022-02-24T18:11:00Z" name="tearDown" finished-at="2022-02-24T18:11:01Z" duration-ms="681" status="PASS">
          <reporter-output>
          </reporter-output>
        </test-method> <!-- tearDown -->
      </class> <!-- com.crm.qa.testcases.HomePageTest -->
      <class name="com.crm.qa.testcases.ContactsPageTest">
        <test-method is-config="true" signature="setUp()[pri:0, instance:com.crm.qa.testcases.ContactsPageTest@8f4ea7c]" started-at="2022-02-24T18:09:48Z" name="setUp" finished-at="2022-02-24T18:10:18Z" duration-ms="30291" status="PASS">
          <reporter-output>
          </reporter-output>
        </test-method> <!-- setUp -->
        <test-method signature="verifyContactsPagelabel()[pri:1, instance:com.crm.qa.testcases.ContactsPageTest@8f4ea7c]" started-at="2022-02-24T18:10:18Z" name="verifyContactsPagelabel" finished-at="2022-02-24T18:10:22Z" duration-ms="4097" status="PASS">
          <reporter-output>
          </reporter-output>
        </test-method> <!-- verifyContactsPagelabel -->
        <test-method is-config="true" signature="tearDown()[pri:0, instance:com.crm.qa.testcases.ContactsPageTest@8f4ea7c]" started-at="2022-02-24T18:10:22Z" name="tearDown" finished-at="2022-02-24T18:10:23Z" duration-ms="696" status="PASS">
          <reporter-output>
          </reporter-output>
        </test-method> <!-- tearDown -->
      </class> <!-- com.crm.qa.testcases.ContactsPageTest -->
      <class name="com.crm.qa.testcases.LoginPageTest">
        <test-method is-config="true" signature="setUp()[pri:0, instance:com.crm.qa.testcases.LoginPageTest@74fe5c40]" started-at="2022-02-24T18:11:01Z" name="setUp" finished-at="2022-02-24T18:11:03Z" duration-ms="2275" status="PASS">
          <reporter-output>
          </reporter-output>
        </test-method> <!-- setUp -->
        <test-method signature="loginPageTitleTest()[pri:1, instance:com.crm.qa.testcases.LoginPageTest@74fe5c40]" started-at="2022-02-24T18:11:03Z" name="loginPageTitleTest" finished-at="2022-02-24T18:11:03Z" duration-ms="5" status="PASS">
          <reporter-output>
          </reporter-output>
        </test-method> <!-- loginPageTitleTest -->
        <test-method is-config="true" signature="tearDown()[pri:0, instance:com.crm.qa.testcases.LoginPageTest@74fe5c40]" started-at="2022-02-24T18:11:03Z" name="tearDown" finished-at="2022-02-24T18:11:04Z" duration-ms="630" status="PASS">
          <reporter-output>
          </reporter-output>
        </test-method> <!-- tearDown -->
      </class> <!-- com.crm.qa.testcases.LoginPageTest -->
    </test> <!-- Surefire test -->
  </suite> <!-- Surefire suite -->
</testng-results>
