<?xml version="1.0" encoding="UTF-8"?>
<testng-results ignored="0" total="13" passed="12" failed="1" skipped="0">
  <reporter-output>
  </reporter-output>
  <suite started-at="2022-02-23T21:37:30 IST" name="FREE_CRM_Application test Automation Suite" finished-at="2022-02-23T21:46:37 IST" duration-ms="547808">
    <groups>
    </groups>
    <test started-at="2022-02-23T21:37:30 IST" name="Free CRM Application Tests" finished-at="2022-02-23T21:46:37 IST" duration-ms="547808">
      <class name="com.crm.qa.testcases.HomePageTest">
        <test-method is-config="true" signature="setUp()[pri:0, instance:com.crm.qa.testcases.HomePageTest@7bd4937b]" started-at="2022-02-23T21:37:59 IST" name="setUp" finished-at="2022-02-23T21:38:26 IST" duration-ms="26688" status="PASS">
          <reporter-output>
          </reporter-output>
        </test-method> <!-- setUp -->
        <test-method signature="verifyHomePageTitleTest()[pri:1, instance:com.crm.qa.testcases.HomePageTest@7bd4937b]" started-at="2022-02-23T21:38:26 IST" name="verifyHomePageTitleTest" finished-at="2022-02-23T21:38:36 IST" duration-ms="10018" status="PASS">
          <reporter-output>
          </reporter-output>
        </test-method> <!-- verifyHomePageTitleTest -->
        <test-method is-config="true" signature="tearDown()[pri:0, instance:com.crm.qa.testcases.HomePageTest@7bd4937b]" started-at="2022-02-23T21:38:36 IST" name="tearDown" finished-at="2022-02-23T21:38:36 IST" duration-ms="172" status="PASS">
          <reporter-output>
          </reporter-output>
        </test-method> <!-- tearDown -->
        <test-method is-config="true" signature="setUp()[pri:0, instance:com.crm.qa.testcases.HomePageTest@7bd4937b]" started-at="2022-02-23T21:38:36 IST" name="setUp" finished-at="2022-02-23T21:39:02 IST" duration-ms="25980" status="PASS">
          <reporter-output>
          </reporter-output>
        </test-method> <!-- setUp -->
        <test-method signature="userNameLabelTest()[pri:2, instance:com.crm.qa.testcases.HomePageTest@7bd4937b]" started-at="2022-02-23T21:39:02 IST" name="userNameLabelTest" finished-at="2022-02-23T21:39:12 IST" duration-ms="10077" status="PASS">
          <reporter-output>
          </reporter-output>
        </test-method> <!-- userNameLabelTest -->
        <test-method is-config="true" signature="tearDown()[pri:0, instance:com.crm.qa.testcases.HomePageTest@7bd4937b]" started-at="2022-02-23T21:39:12 IST" name="tearDown" finished-at="2022-02-23T21:39:12 IST" duration-ms="146" status="PASS">
          <reporter-output>
          </reporter-output>
        </test-method> <!-- tearDown -->
        <test-method is-config="true" signature="setUp()[pri:0, instance:com.crm.qa.testcases.HomePageTest@7bd4937b]" started-at="2022-02-23T21:39:12 IST" name="setUp" finished-at="2022-02-23T21:39:39 IST" duration-ms="26743" status="PASS">
          <reporter-output>
          </reporter-output>
        </test-method> <!-- setUp -->
        <test-method signature="contactsButtonLink()[pri:3, instance:com.crm.qa.testcases.HomePageTest@7bd4937b]" started-at="2022-02-23T21:39:39 IST" name="contactsButtonLink" finished-at="2022-02-23T21:39:40 IST" duration-ms="1086" status="PASS">
          <reporter-output>
          </reporter-output>
        </test-method> <!-- contactsButtonLink -->
        <test-method is-config="true" signature="tearDown()[pri:0, instance:com.crm.qa.testcases.HomePageTest@7bd4937b]" started-at="2022-02-23T21:39:40 IST" name="tearDown" finished-at="2022-02-23T21:39:40 IST" duration-ms="152" status="PASS">
          <reporter-output>
          </reporter-output>
        </test-method> <!-- tearDown -->
      </class> <!-- com.crm.qa.testcases.HomePageTest -->
      <class name="com.crm.qa.testcases.ContactsPageTest">
        <test-method is-config="true" signature="setUp()[pri:0, instance:com.crm.qa.testcases.ContactsPageTest@58d75e99]" started-at="2022-02-23T21:39:40 IST" name="setUp" finished-at="2022-02-23T21:40:09 IST" duration-ms="28882" status="PASS">
          <reporter-output>
          </reporter-output>
        </test-method> <!-- setUp -->
        <test-method signature="verifyContactsPagelabel()[pri:1, instance:com.crm.qa.testcases.ContactsPageTest@58d75e99]" started-at="2022-02-23T21:40:09 IST" name="verifyContactsPagelabel" finished-at="2022-02-23T21:40:13 IST" duration-ms="4033" status="PASS">
          <reporter-output>
          </reporter-output>
        </test-method> <!-- verifyContactsPagelabel -->
        <test-method is-config="true" signature="tearDown()[pri:0, instance:com.crm.qa.testcases.ContactsPageTest@58d75e99]" started-at="2022-02-23T21:40:13 IST" name="tearDown" finished-at="2022-02-23T21:40:13 IST" duration-ms="142" status="PASS">
          <reporter-output>
          </reporter-output>
        </test-method> <!-- tearDown -->
        <test-method is-config="true" signature="setUp()[pri:0, instance:com.crm.qa.testcases.ContactsPageTest@58d75e99]" started-at="2022-02-23T21:40:13 IST" name="setUp" finished-at="2022-02-23T21:40:42 IST" duration-ms="28849" status="PASS">
          <reporter-output>
          </reporter-output>
        </test-method> <!-- setUp -->
        <test-method signature="verifyContacts()[pri:2, instance:com.crm.qa.testcases.ContactsPageTest@58d75e99]" started-at="2022-02-23T21:40:42 IST" name="verifyContacts" finished-at="2022-02-23T21:41:02 IST" duration-ms="20171" status="FAIL">
          <exception class="org.openqa.selenium.NoSuchElementException">
            <message>
              <![CDATA[no such element: Unable to locate element: {"method":"xpath","selector":"//td/a[text()='Jason John']//..//..//td/div[@class='ui fitted read-only checkbox']"}
  (Session info: chrome=98.0.4758.102)
For documentation on this error, please visit: http://seleniumhq.org/exceptions/no_such_element.html
Build info: version: '3.11.0', revision: 'e59cfb3', time: '2018-03-11T20:26:55.152Z'
System info: host: 'LAPTOP-T5UUI42F', ip: '192.168.0.107', os.name: 'Windows 10', os.arch: 'amd64', os.version: '10.0', java.version: '17.0.1'
Driver info: org.openqa.selenium.chrome.ChromeDriver
Capabilities {acceptInsecureCerts: false, browserName: chrome, browserVersion: 98.0.4758.102, chrome: {chromedriverVersion: 97.0.4692.71 (adefa7837d02a..., userDataDir: C:\Users\mishr\AppData\Loca...}, goog:chromeOptions: {debuggerAddress: localhost:56886}, javascriptEnabled: true, networkConnectionEnabled: false, pageLoadStrategy: normal, platform: WINDOWS, platformName: WINDOWS, proxy: Proxy(), setWindowRect: true, strictFileInteractability: false, timeouts: {implicit: 0, pageLoad: 300000, script: 30000}, unhandledPromptBehavior: dismiss and notify, webauthn:extension:credBlob: true, webauthn:extension:largeBlob: true, webauthn:virtualAuthenticators: true}
Session ID: df1e1638e598342e2b5df7de9b41c815
*** Element info: {Using=xpath, value=//td/a[text()='Jason John']//..//..//td/div[@class='ui fitted read-only checkbox']}]]>
            </message>
            <full-stacktrace>
              <![CDATA[org.openqa.selenium.NoSuchElementException: no such element: Unable to locate element: {"method":"xpath","selector":"//td/a[text()='Jason John']//..//..//td/div[@class='ui fitted read-only checkbox']"}
  (Session info: chrome=98.0.4758.102)
For documentation on this error, please visit: http://seleniumhq.org/exceptions/no_such_element.html
Build info: version: '3.11.0', revision: 'e59cfb3', time: '2018-03-11T20:26:55.152Z'
System info: host: 'LAPTOP-T5UUI42F', ip: '192.168.0.107', os.name: 'Windows 10', os.arch: 'amd64', os.version: '10.0', java.version: '17.0.1'
Driver info: org.openqa.selenium.chrome.ChromeDriver
Capabilities {acceptInsecureCerts: false, browserName: chrome, browserVersion: 98.0.4758.102, chrome: {chromedriverVersion: 97.0.4692.71 (adefa7837d02a..., userDataDir: C:\Users\mishr\AppData\Loca...}, goog:chromeOptions: {debuggerAddress: localhost:56886}, javascriptEnabled: true, networkConnectionEnabled: false, pageLoadStrategy: normal, platform: WINDOWS, platformName: WINDOWS, proxy: Proxy(), setWindowRect: true, strictFileInteractability: false, timeouts: {implicit: 0, pageLoad: 300000, script: 30000}, unhandledPromptBehavior: dismiss and notify, webauthn:extension:credBlob: true, webauthn:extension:largeBlob: true, webauthn:virtualAuthenticators: true}
Session ID: df1e1638e598342e2b5df7de9b41c815
*** Element info: {Using=xpath, value=//td/a[text()='Jason John']//..//..//td/div[@class='ui fitted read-only checkbox']}
at java.base/jdk.internal.reflect.NativeConstructorAccessorImpl.newInstance0(Native Method)
at java.base/jdk.internal.reflect.NativeConstructorAccessorImpl.newInstance(NativeConstructorAccessorImpl.java:77)
at java.base/jdk.internal.reflect.DelegatingConstructorAccessorImpl.newInstance(DelegatingConstructorAccessorImpl.java:45)
at java.base/java.lang.reflect.Constructor.newInstanceWithCaller(Constructor.java:499)
at java.base/java.lang.reflect.Constructor.newInstance(Constructor.java:480)
at org.openqa.selenium.remote.http.W3CHttpResponseCodec.createException(W3CHttpResponseCodec.java:187)
at org.openqa.selenium.remote.http.W3CHttpResponseCodec.decode(W3CHttpResponseCodec.java:122)
at org.openqa.selenium.remote.http.W3CHttpResponseCodec.decode(W3CHttpResponseCodec.java:49)
at org.openqa.selenium.remote.HttpCommandExecutor.execute(HttpCommandExecutor.java:158)
at org.openqa.selenium.remote.service.DriverCommandExecutor.execute(DriverCommandExecutor.java:83)
at org.openqa.selenium.remote.RemoteWebDriver.execute(RemoteWebDriver.java:545)
at org.openqa.selenium.remote.RemoteWebDriver.findElement(RemoteWebDriver.java:319)
at org.openqa.selenium.remote.RemoteWebDriver.findElementByXPath(RemoteWebDriver.java:421)
at org.openqa.selenium.By$ByXPath.findElement(By.java:361)
at org.openqa.selenium.remote.RemoteWebDriver.findElement(RemoteWebDriver.java:311)
at jdk.internal.reflect.GeneratedMethodAccessor3.invoke(Unknown Source)
at java.base/jdk.internal.reflect.DelegatingMethodAccessorImpl.invoke(DelegatingMethodAccessorImpl.java:43)
at java.base/java.lang.reflect.Method.invoke(Method.java:568)
at org.openqa.selenium.support.events.EventFiringWebDriver.lambda$new$1(EventFiringWebDriver.java:103)
at jdk.proxy2/jdk.proxy2.$Proxy11.findElement(Unknown Source)
at org.openqa.selenium.support.events.EventFiringWebDriver.findElement(EventFiringWebDriver.java:186)
at com.crm.qa.pages.ContactsPage.selectContacts(ContactsPage.java:52)
at com.crm.qa.testcases.ContactsPageTest.verifyContacts(ContactsPageTest.java:51)
at java.base/jdk.internal.reflect.NativeMethodAccessorImpl.invoke0(Native Method)
at java.base/jdk.internal.reflect.NativeMethodAccessorImpl.invoke(NativeMethodAccessorImpl.java:77)
at java.base/jdk.internal.reflect.DelegatingMethodAccessorImpl.invoke(DelegatingMethodAccessorImpl.java:43)
at java.base/java.lang.reflect.Method.invoke(Method.java:568)
at org.testng.internal.MethodInvocationHelper.invokeMethod(MethodInvocationHelper.java:133)
at org.testng.internal.TestInvoker.invokeMethod(TestInvoker.java:598)
at org.testng.internal.TestInvoker.invokeTestMethod(TestInvoker.java:173)
at org.testng.internal.MethodRunner.runInSequence(MethodRunner.java:46)
at org.testng.internal.TestInvoker$MethodInvocationAgent.invoke(TestInvoker.java:824)
at org.testng.internal.TestInvoker.invokeTestMethods(TestInvoker.java:146)
at org.testng.internal.TestMethodWorker.invokeTestMethods(TestMethodWorker.java:146)
at org.testng.internal.TestMethodWorker.run(TestMethodWorker.java:128)
at java.base/java.util.ArrayList.forEach(ArrayList.java:1511)
at org.testng.TestRunner.privateRun(TestRunner.java:794)
at org.testng.TestRunner.run(TestRunner.java:596)
at org.testng.SuiteRunner.runTest(SuiteRunner.java:377)
at org.testng.SuiteRunner.runSequentially(SuiteRunner.java:371)
at org.testng.SuiteRunner.privateRun(SuiteRunner.java:332)
at org.testng.SuiteRunner.run(SuiteRunner.java:276)
at org.testng.SuiteRunnerWorker.runSuite(SuiteRunnerWorker.java:53)
at org.testng.SuiteRunnerWorker.run(SuiteRunnerWorker.java:96)
at org.testng.TestNG.runSuitesSequentially(TestNG.java:1212)
at org.testng.TestNG.runSuitesLocally(TestNG.java:1134)
at org.testng.TestNG.runSuites(TestNG.java:1063)
at org.testng.TestNG.run(TestNG.java:1031)
at org.testng.remote.AbstractRemoteTestNG.run(AbstractRemoteTestNG.java:115)
at org.testng.remote.RemoteTestNG.initAndRun(RemoteTestNG.java:251)
at org.testng.remote.RemoteTestNG.main(RemoteTestNG.java:77)
]]>
            </full-stacktrace>
          </exception> <!-- org.openqa.selenium.NoSuchElementException -->
          <reporter-output>
          </reporter-output>
        </test-method> <!-- verifyContacts -->
        <test-method is-config="true" signature="tearDown()[pri:0, instance:com.crm.qa.testcases.ContactsPageTest@58d75e99]" started-at="2022-02-23T21:41:02 IST" name="tearDown" finished-at="2022-02-23T21:41:02 IST" duration-ms="149" status="PASS">
          <reporter-output>
          </reporter-output>
        </test-method> <!-- tearDown -->
        <test-method is-config="true" signature="setUp()[pri:0, instance:com.crm.qa.testcases.ContactsPageTest@58d75e99]" started-at="2022-02-23T21:41:02 IST" name="setUp" finished-at="2022-02-23T21:41:30 IST" duration-ms="27686" status="PASS">
          <reporter-output>
          </reporter-output>
        </test-method> <!-- setUp -->
        <test-method signature="verifyMultiContacts()[pri:3, instance:com.crm.qa.testcases.ContactsPageTest@58d75e99]" started-at="2022-02-23T21:41:30 IST" name="verifyMultiContacts" finished-at="2022-02-23T21:41:31 IST" duration-ms="861" status="PASS">
          <reporter-output>
          </reporter-output>
        </test-method> <!-- verifyMultiContacts -->
        <test-method is-config="true" signature="tearDown()[pri:0, instance:com.crm.qa.testcases.ContactsPageTest@58d75e99]" started-at="2022-02-23T21:41:31 IST" name="tearDown" finished-at="2022-02-23T21:41:31 IST" duration-ms="159" status="PASS">
          <reporter-output>
          </reporter-output>
        </test-method> <!-- tearDown -->
        <test-method is-config="true" signature="setUp()[pri:0, instance:com.crm.qa.testcases.ContactsPageTest@58d75e99]" started-at="2022-02-23T21:41:32 IST" name="setUp" finished-at="2022-02-23T21:41:59 IST" duration-ms="26931" status="PASS">
          <reporter-output>
          </reporter-output>
        </test-method> <!-- setUp -->
        <test-method signature="validateCreateNewContact(java.lang.String,java.lang.String,java.lang.String,java.lang.String)[pri:4, instance:com.crm.qa.testcases.ContactsPageTest@58d75e99]" started-at="2022-02-23T21:41:59 IST" name="validateCreateNewContact" data-provider="getCRMTestData" finished-at="2022-02-23T21:42:32 IST" duration-ms="33412" status="PASS">
          <params>
            <param index="0">
              <value>
                <![CDATA[Suvendu]]>
              </value>
            </param>
            <param index="1">
              <value>
                <![CDATA[Dash]]>
              </value>
            </param>
            <param index="2">
              <value>
                <![CDATA[Kumar]]>
              </value>
            </param>
            <param index="3">
              <value>
                <![CDATA[ABC.com]]>
              </value>
            </param>
          </params>
          <reporter-output>
          </reporter-output>
        </test-method> <!-- validateCreateNewContact -->
        <test-method is-config="true" signature="tearDown()[pri:0, instance:com.crm.qa.testcases.ContactsPageTest@58d75e99]" started-at="2022-02-23T21:42:32 IST" name="tearDown" finished-at="2022-02-23T21:42:32 IST" duration-ms="163" status="PASS">
          <reporter-output>
          </reporter-output>
        </test-method> <!-- tearDown -->
        <test-method is-config="true" signature="setUp()[pri:0, instance:com.crm.qa.testcases.ContactsPageTest@58d75e99]" started-at="2022-02-23T21:42:32 IST" name="setUp" finished-at="2022-02-23T21:43:00 IST" duration-ms="27641" status="PASS">
          <reporter-output>
          </reporter-output>
        </test-method> <!-- setUp -->
        <test-method signature="validateCreateNewContact(java.lang.String,java.lang.String,java.lang.String,java.lang.String)[pri:4, instance:com.crm.qa.testcases.ContactsPageTest@58d75e99]" started-at="2022-02-23T21:43:00 IST" name="validateCreateNewContact" data-provider="getCRMTestData" finished-at="2022-02-23T21:43:33 IST" duration-ms="33272" status="PASS">
          <params>
            <param index="0">
              <value>
                <![CDATA[Sarthak]]>
              </value>
            </param>
            <param index="1">
              <value>
                <![CDATA[Panda]]>
              </value>
            </param>
            <param index="2">
              <value>
                <![CDATA[]]>
              </value>
            </param>
            <param index="3">
              <value>
                <![CDATA[PSW.com]]>
              </value>
            </param>
          </params>
          <reporter-output>
          </reporter-output>
        </test-method> <!-- validateCreateNewContact -->
        <test-method is-config="true" signature="tearDown()[pri:0, instance:com.crm.qa.testcases.ContactsPageTest@58d75e99]" started-at="2022-02-23T21:43:33 IST" name="tearDown" finished-at="2022-02-23T21:43:33 IST" duration-ms="146" status="PASS">
          <reporter-output>
          </reporter-output>
        </test-method> <!-- tearDown -->
        <test-method is-config="true" signature="setUp()[pri:0, instance:com.crm.qa.testcases.ContactsPageTest@58d75e99]" started-at="2022-02-23T21:43:33 IST" name="setUp" finished-at="2022-02-23T21:44:02 IST" duration-ms="28961" status="PASS">
          <reporter-output>
          </reporter-output>
        </test-method> <!-- setUp -->
        <test-method signature="validateCreateNewContact(java.lang.String,java.lang.String,java.lang.String,java.lang.String)[pri:4, instance:com.crm.qa.testcases.ContactsPageTest@58d75e99]" started-at="2022-02-23T21:44:02 IST" name="validateCreateNewContact" data-provider="getCRMTestData" finished-at="2022-02-23T21:44:36 IST" duration-ms="33496" status="PASS">
          <params>
            <param index="0">
              <value>
                <![CDATA[Bhabani]]>
              </value>
            </param>
            <param index="1">
              <value>
                <![CDATA[Mishra]]>
              </value>
            </param>
            <param index="2">
              <value>
                <![CDATA[Shankar]]>
              </value>
            </param>
            <param index="3">
              <value>
                <![CDATA[IBM.com]]>
              </value>
            </param>
          </params>
          <reporter-output>
          </reporter-output>
        </test-method> <!-- validateCreateNewContact -->
        <test-method is-config="true" signature="tearDown()[pri:0, instance:com.crm.qa.testcases.ContactsPageTest@58d75e99]" started-at="2022-02-23T21:44:36 IST" name="tearDown" finished-at="2022-02-23T21:44:36 IST" duration-ms="146" status="PASS">
          <reporter-output>
          </reporter-output>
        </test-method> <!-- tearDown -->
        <test-method is-config="true" signature="setUp()[pri:0, instance:com.crm.qa.testcases.ContactsPageTest@58d75e99]" started-at="2022-02-23T21:44:36 IST" name="setUp" finished-at="2022-02-23T21:45:03 IST" duration-ms="27054" status="PASS">
          <reporter-output>
          </reporter-output>
        </test-method> <!-- setUp -->
        <test-method signature="validateCreateNewContact(java.lang.String,java.lang.String,java.lang.String,java.lang.String)[pri:4, instance:com.crm.qa.testcases.ContactsPageTest@58d75e99]" started-at="2022-02-23T21:45:03 IST" name="validateCreateNewContact" data-provider="getCRMTestData" finished-at="2022-02-23T21:45:36 IST" duration-ms="33303" status="PASS">
          <params>
            <param index="0">
              <value>
                <![CDATA[Manas]]>
              </value>
            </param>
            <param index="1">
              <value>
                <![CDATA[Das]]>
              </value>
            </param>
            <param index="2">
              <value>
                <![CDATA[Kumar]]>
              </value>
            </param>
            <param index="3">
              <value>
                <![CDATA[Trt.co.in]]>
              </value>
            </param>
          </params>
          <reporter-output>
          </reporter-output>
        </test-method> <!-- validateCreateNewContact -->
        <test-method is-config="true" signature="tearDown()[pri:0, instance:com.crm.qa.testcases.ContactsPageTest@58d75e99]" started-at="2022-02-23T21:45:36 IST" name="tearDown" finished-at="2022-02-23T21:45:36 IST" duration-ms="141" status="PASS">
          <reporter-output>
          </reporter-output>
        </test-method> <!-- tearDown -->
        <test-method is-config="true" signature="setUp()[pri:0, instance:com.crm.qa.testcases.ContactsPageTest@58d75e99]" started-at="2022-02-23T21:45:36 IST" name="setUp" finished-at="2022-02-23T21:46:04 IST" duration-ms="27716" status="PASS">
          <reporter-output>
          </reporter-output>
        </test-method> <!-- setUp -->
        <test-method signature="validateCreateNewContact(java.lang.String,java.lang.String,java.lang.String,java.lang.String)[pri:4, instance:com.crm.qa.testcases.ContactsPageTest@58d75e99]" started-at="2022-02-23T21:46:04 IST" name="validateCreateNewContact" data-provider="getCRMTestData" finished-at="2022-02-23T21:46:37 IST" duration-ms="33204" status="PASS">
          <params>
            <param index="0">
              <value>
                <![CDATA[Rupali]]>
              </value>
            </param>
            <param index="1">
              <value>
                <![CDATA[Joshi]]>
              </value>
            </param>
            <param index="2">
              <value>
                <![CDATA[]]>
              </value>
            </param>
            <param index="3">
              <value>
                <![CDATA[HDFC.co.in]]>
              </value>
            </param>
          </params>
          <reporter-output>
          </reporter-output>
        </test-method> <!-- validateCreateNewContact -->
        <test-method is-config="true" signature="tearDown()[pri:0, instance:com.crm.qa.testcases.ContactsPageTest@58d75e99]" started-at="2022-02-23T21:46:37 IST" name="tearDown" finished-at="2022-02-23T21:46:37 IST" duration-ms="144" status="PASS">
          <reporter-output>
          </reporter-output>
        </test-method> <!-- tearDown -->
      </class> <!-- com.crm.qa.testcases.ContactsPageTest -->
      <class name="com.crm.qa.testcases.LoginPageTest">
        <test-method is-config="true" signature="setUp()[pri:0, instance:com.crm.qa.testcases.LoginPageTest@5403f35f]" started-at="2022-02-23T21:37:30 IST" name="setUp" finished-at="2022-02-23T21:37:32 IST" duration-ms="2643" status="PASS">
          <reporter-output>
          </reporter-output>
        </test-method> <!-- setUp -->
        <test-method signature="loginPageTitleTest()[pri:1, instance:com.crm.qa.testcases.LoginPageTest@5403f35f]" started-at="2022-02-23T21:37:32 IST" name="loginPageTitleTest" finished-at="2022-02-23T21:37:32 IST" duration-ms="16" status="PASS">
          <reporter-output>
          </reporter-output>
        </test-method> <!-- loginPageTitleTest -->
        <test-method is-config="true" signature="tearDown()[pri:0, instance:com.crm.qa.testcases.LoginPageTest@5403f35f]" started-at="2022-02-23T21:37:32 IST" name="tearDown" finished-at="2022-02-23T21:37:32 IST" duration-ms="143" status="PASS">
          <reporter-output>
          </reporter-output>
        </test-method> <!-- tearDown -->
        <test-method is-config="true" signature="setUp()[pri:0, instance:com.crm.qa.testcases.LoginPageTest@5403f35f]" started-at="2022-02-23T21:37:32 IST" name="setUp" finished-at="2022-02-23T21:37:35 IST" duration-ms="2190" status="PASS">
          <reporter-output>
          </reporter-output>
        </test-method> <!-- setUp -->
        <test-method signature="loginTest()[pri:2, instance:com.crm.qa.testcases.LoginPageTest@5403f35f]" started-at="2022-02-23T21:37:35 IST" name="loginTest" finished-at="2022-02-23T21:37:59 IST" duration-ms="24385" status="PASS">
          <reporter-output>
          </reporter-output>
        </test-method> <!-- loginTest -->
        <test-method is-config="true" signature="tearDown()[pri:0, instance:com.crm.qa.testcases.LoginPageTest@5403f35f]" started-at="2022-02-23T21:37:59 IST" name="tearDown" finished-at="2022-02-23T21:37:59 IST" duration-ms="131" status="PASS">
          <reporter-output>
          </reporter-output>
        </test-method> <!-- tearDown -->
      </class> <!-- com.crm.qa.testcases.LoginPageTest -->
    </test> <!-- Free CRM Application Tests -->
  </suite> <!-- FREE_CRM_Application test Automation Suite -->
</testng-results>
